  Class.cpp
D:\UniversityHCMUS\1-Freshman\Semester2\ProgrammingTech\Theory\22120009_CSC10002_Bonus_Project\A Course Management System\Class.cpp(82,24): warning C4129: ',': unrecognized character escape sequence
D:\UniversityHCMUS\1-Freshman\Semester2\ProgrammingTech\Theory\22120009_CSC10002_Bonus_Project\A Course Management System\Class.cpp(82,47): warning C4129: ',': unrecognized character escape sequence
D:\UniversityHCMUS\1-Freshman\Semester2\ProgrammingTech\Theory\22120009_CSC10002_Bonus_Project\A Course Management System\Class.cpp(82,70): warning C4129: ',': unrecognized character escape sequence
D:\UniversityHCMUS\1-Freshman\Semester2\ProgrammingTech\Theory\22120009_CSC10002_Bonus_Project\A Course Management System\Class.cpp(82,92): warning C4129: ',': unrecognized character escape sequence
D:\UniversityHCMUS\1-Freshman\Semester2\ProgrammingTech\Theory\22120009_CSC10002_Bonus_Project\A Course Management System\Class.cpp(82,112): warning C4129: ',': unrecognized character escape sequence
D:\UniversityHCMUS\1-Freshman\Semester2\ProgrammingTech\Theory\22120009_CSC10002_Bonus_Project\A Course Management System\Class.cpp(82,137): warning C4129: ',': unrecognized character escape sequence
  Course.cpp
D:\UniversityHCMUS\1-Freshman\Semester2\ProgrammingTech\Theory\22120009_CSC10002_Bonus_Project\A Course Management System\Course.cpp(33,32): warning C4129: ',': unrecognized character escape sequence
D:\UniversityHCMUS\1-Freshman\Semester2\ProgrammingTech\Theory\22120009_CSC10002_Bonus_Project\A Course Management System\Course.cpp(33,56): warning C4129: ',': unrecognized character escape sequence
D:\UniversityHCMUS\1-Freshman\Semester2\ProgrammingTech\Theory\22120009_CSC10002_Bonus_Project\A Course Management System\Course.cpp(33,79): warning C4129: ',': unrecognized character escape sequence
D:\UniversityHCMUS\1-Freshman\Semester2\ProgrammingTech\Theory\22120009_CSC10002_Bonus_Project\A Course Management System\Course.cpp(33,104): warning C4129: ',': unrecognized character escape sequence
D:\UniversityHCMUS\1-Freshman\Semester2\ProgrammingTech\Theory\22120009_CSC10002_Bonus_Project\A Course Management System\Course.cpp(33,130): warning C4129: ',': unrecognized character escape sequence
D:\UniversityHCMUS\1-Freshman\Semester2\ProgrammingTech\Theory\22120009_CSC10002_Bonus_Project\A Course Management System\Course.cpp(33,160): warning C4129: ',': unrecognized character escape sequence
D:\UniversityHCMUS\1-Freshman\Semester2\ProgrammingTech\Theory\22120009_CSC10002_Bonus_Project\A Course Management System\Course.cpp(33,181): warning C4129: ',': unrecognized character escape sequence
D:\UniversityHCMUS\1-Freshman\Semester2\ProgrammingTech\Theory\22120009_CSC10002_Bonus_Project\A Course Management System\Course.cpp(37,30): warning C4129: ',': unrecognized character escape sequence
D:\UniversityHCMUS\1-Freshman\Semester2\ProgrammingTech\Theory\22120009_CSC10002_Bonus_Project\A Course Management System\Course.cpp(37,54): warning C4129: ',': unrecognized character escape sequence
D:\UniversityHCMUS\1-Freshman\Semester2\ProgrammingTech\Theory\22120009_CSC10002_Bonus_Project\A Course Management System\Course.cpp(37,77): warning C4129: ',': unrecognized character escape sequence
D:\UniversityHCMUS\1-Freshman\Semester2\ProgrammingTech\Theory\22120009_CSC10002_Bonus_Project\A Course Management System\Course.cpp(37,102): warning C4129: ',': unrecognized character escape sequence
D:\UniversityHCMUS\1-Freshman\Semester2\ProgrammingTech\Theory\22120009_CSC10002_Bonus_Project\A Course Management System\Course.cpp(37,128): warning C4129: ',': unrecognized character escape sequence
D:\UniversityHCMUS\1-Freshman\Semester2\ProgrammingTech\Theory\22120009_CSC10002_Bonus_Project\A Course Management System\Course.cpp(37,158): warning C4129: ',': unrecognized character escape sequence
D:\UniversityHCMUS\1-Freshman\Semester2\ProgrammingTech\Theory\22120009_CSC10002_Bonus_Project\A Course Management System\Course.cpp(37,179): warning C4129: ',': unrecognized character escape sequence
D:\UniversityHCMUS\1-Freshman\Semester2\ProgrammingTech\Theory\22120009_CSC10002_Bonus_Project\A Course Management System\Course.cpp(95,25): warning C4129: ',': unrecognized character escape sequence
D:\UniversityHCMUS\1-Freshman\Semester2\ProgrammingTech\Theory\22120009_CSC10002_Bonus_Project\A Course Management System\Course.cpp(95,48): warning C4129: ',': unrecognized character escape sequence
D:\UniversityHCMUS\1-Freshman\Semester2\ProgrammingTech\Theory\22120009_CSC10002_Bonus_Project\A Course Management System\Course.cpp(95,71): warning C4129: ',': unrecognized character escape sequence
D:\UniversityHCMUS\1-Freshman\Semester2\ProgrammingTech\Theory\22120009_CSC10002_Bonus_Project\A Course Management System\Course.cpp(95,93): warning C4129: ',': unrecognized character escape sequence
D:\UniversityHCMUS\1-Freshman\Semester2\ProgrammingTech\Theory\22120009_CSC10002_Bonus_Project\A Course Management System\Course.cpp(95,113): warning C4129: ',': unrecognized character escape sequence
D:\UniversityHCMUS\1-Freshman\Semester2\ProgrammingTech\Theory\22120009_CSC10002_Bonus_Project\A Course Management System\Course.cpp(95,138): warning C4129: ',': unrecognized character escape sequence
  Function.cpp
D:\UniversityHCMUS\1-Freshman\Semester2\ProgrammingTech\Theory\22120009_CSC10002_Bonus_Project\A Course Management System\Function.cpp(43,20): warning C4018: '<': signed/unsigned mismatch
D:\UniversityHCMUS\1-Freshman\Semester2\ProgrammingTech\Theory\22120009_CSC10002_Bonus_Project\A Course Management System\Function.cpp(165,20): warning C4018: '<': signed/unsigned mismatch
D:\UniversityHCMUS\1-Freshman\Semester2\ProgrammingTech\Theory\22120009_CSC10002_Bonus_Project\A Course Management System\Function.cpp(166,17): warning C4129: ',': unrecognized character escape sequence
  Menu.cpp
D:\UniversityHCMUS\1-Freshman\Semester2\ProgrammingTech\Theory\22120009_CSC10002_Bonus_Project\A Course Management System\Menu.cpp(1,10): warning C4067: unexpected tokens following preprocessor directive - expected a newline
  SchoolYear.cpp
  Semester.cpp
D:\UniversityHCMUS\1-Freshman\Semester2\ProgrammingTech\Theory\22120009_CSC10002_Bonus_Project\A Course Management System\Semester.cpp(18,32): warning C4129: ',': unrecognized character escape sequence
D:\UniversityHCMUS\1-Freshman\Semester2\ProgrammingTech\Theory\22120009_CSC10002_Bonus_Project\A Course Management System\Semester.cpp(18,55): warning C4129: ',': unrecognized character escape sequence
  Student.cpp
  SystemLogIn.cpp
  Generating Code...
  A Course Management System.vcxproj -> D:\UniversityHCMUS\1-Freshman\Semester2\ProgrammingTech\Theory\22120009_CSC10002_Bonus_Project\Debug\A Course Management System.exe
